app/api/inventory/adjustments/route.ts(4,8): error TS2613: Module '"/home/ubuntu/supermarket_pos_system/nextjs_space/lib/db"' has no default export. Did you mean to use 'import { prisma } from "/home/ubuntu/supermarket_pos_system/nextjs_space/lib/db"' instead?
app/api/inventory/adjustments/route.ts(13,37): error TS2339: Property 'role' does not exist on type '{ name?: string | null | undefined; email?: string | null | undefined; image?: string | null | undefined; }'.
app/api/inventory/adjustments/route.ts(50,37): error TS2339: Property 'role' does not exist on type '{ name?: string | null | undefined; email?: string | null | undefined; image?: string | null | undefined; }'.
app/api/inventory/adjustments/route.ts(74,32): error TS2339: Property 'id' does not exist on type '{ name?: string | null | undefined; email?: string | null | undefined; image?: string | null | undefined; }'.
app/api/inventory/low-stock/route.ts(4,8): error TS2613: Module '"/home/ubuntu/supermarket_pos_system/nextjs_space/lib/db"' has no default export. Did you mean to use 'import { prisma } from "/home/ubuntu/supermarket_pos_system/nextjs_space/lib/db"' instead?
app/api/inventory/low-stock/route.ts(13,37): error TS2339: Property 'role' does not exist on type '{ name?: string | null | undefined; email?: string | null | undefined; image?: string | null | undefined; }'.
app/api/inventory/transfers/[id]/complete/route.ts(4,8): error TS2613: Module '"/home/ubuntu/supermarket_pos_system/nextjs_space/lib/db"' has no default export. Did you mean to use 'import { prisma } from "/home/ubuntu/supermarket_pos_system/nextjs_space/lib/db"' instead?
app/api/inventory/transfers/[id]/complete/route.ts(13,37): error TS2339: Property 'role' does not exist on type '{ name?: string | null | undefined; email?: string | null | undefined; image?: string | null | undefined; }'.
app/api/inventory/transfers/[id]/complete/route.ts(74,34): error TS2339: Property 'id' does not exist on type '{ name?: string | null | undefined; email?: string | null | undefined; image?: string | null | undefined; }'.
app/api/inventory/transfers/route.ts(4,8): error TS2613: Module '"/home/ubuntu/supermarket_pos_system/nextjs_space/lib/db"' has no default export. Did you mean to use 'import { prisma } from "/home/ubuntu/supermarket_pos_system/nextjs_space/lib/db"' instead?
app/api/inventory/transfers/route.ts(13,37): error TS2339: Property 'role' does not exist on type '{ name?: string | null | undefined; email?: string | null | undefined; image?: string | null | undefined; }'.
app/api/inventory/transfers/route.ts(49,37): error TS2339: Property 'role' does not exist on type '{ name?: string | null | undefined; email?: string | null | undefined; image?: string | null | undefined; }'.
app/api/inventory/transfers/route.ts(61,35): error TS2339: Property 'id' does not exist on type '{ name?: string | null | undefined; email?: string | null | undefined; image?: string | null | undefined; }'.
app/api/purchase-orders/[id]/receive/route.ts(4,8): error TS2613: Module '"/home/ubuntu/supermarket_pos_system/nextjs_space/lib/db"' has no default export. Did you mean to use 'import { prisma } from "/home/ubuntu/supermarket_pos_system/nextjs_space/lib/db"' instead?
app/api/purchase-orders/[id]/receive/route.ts(13,37): error TS2339: Property 'role' does not exist on type '{ name?: string | null | undefined; email?: string | null | undefined; image?: string | null | undefined; }'.
app/api/purchase-orders/[id]/receive/route.ts(32,37): error TS7006: Parameter 'i' implicitly has an 'any' type.
app/api/purchase-orders/[id]/receive/route.ts(55,32): error TS2339: Property 'id' does not exist on type '{ name?: string | null | undefined; email?: string | null | undefined; image?: string | null | undefined; }'.
app/api/purchase-orders/[id]/receive/route.ts(71,51): error TS7006: Parameter 'i' implicitly has an 'any' type.
app/api/purchase-orders/[id]/receive/route.ts(72,51): error TS7006: Parameter 'i' implicitly has an 'any' type.
app/api/purchase-orders/[id]/receive/route.ts(80,36): error TS2339: Property 'id' does not exist on type '{ name?: string | null | undefined; email?: string | null | undefined; image?: string | null | undefined; }'.
app/api/purchase-orders/[id]/route.ts(4,8): error TS2613: Module '"/home/ubuntu/supermarket_pos_system/nextjs_space/lib/db"' has no default export. Did you mean to use 'import { prisma } from "/home/ubuntu/supermarket_pos_system/nextjs_space/lib/db"' instead?
app/api/purchase-orders/[id]/route.ts(13,37): error TS2339: Property 'role' does not exist on type '{ name?: string | null | undefined; email?: string | null | undefined; image?: string | null | undefined; }'.
app/api/purchase-orders/[id]/route.ts(45,37): error TS2339: Property 'role' does not exist on type '{ name?: string | null | undefined; email?: string | null | undefined; image?: string | null | undefined; }'.
app/api/purchase-orders/route.ts(4,8): error TS2613: Module '"/home/ubuntu/supermarket_pos_system/nextjs_space/lib/db"' has no default export. Did you mean to use 'import { prisma } from "/home/ubuntu/supermarket_pos_system/nextjs_space/lib/db"' instead?
app/api/purchase-orders/route.ts(13,37): error TS2339: Property 'role' does not exist on type '{ name?: string | null | undefined; email?: string | null | undefined; image?: string | null | undefined; }'.
app/api/purchase-orders/route.ts(49,37): error TS2339: Property 'role' does not exist on type '{ name?: string | null | undefined; email?: string | null | undefined; image?: string | null | undefined; }'.
app/api/purchase-orders/route.ts(73,35): error TS2339: Property 'id' does not exist on type '{ name?: string | null | undefined; email?: string | null | undefined; image?: string | null | undefined; }'.
app/api/suppliers/[id]/route.ts(4,8): error TS2613: Module '"/home/ubuntu/supermarket_pos_system/nextjs_space/lib/db"' has no default export. Did you mean to use 'import { prisma } from "/home/ubuntu/supermarket_pos_system/nextjs_space/lib/db"' instead?
app/api/suppliers/[id]/route.ts(13,37): error TS2339: Property 'role' does not exist on type '{ name?: string | null | undefined; email?: string | null | undefined; image?: string | null | undefined; }'.
app/api/suppliers/[id]/route.ts(42,37): error TS2339: Property 'role' does not exist on type '{ name?: string | null | undefined; email?: string | null | undefined; image?: string | null | undefined; }'.
app/api/suppliers/[id]/route.ts(65,37): error TS2339: Property 'role' does not exist on type '{ name?: string | null | undefined; email?: string | null | undefined; image?: string | null | undefined; }'.
app/api/suppliers/route.ts(4,8): error TS2613: Module '"/home/ubuntu/supermarket_pos_system/nextjs_space/lib/db"' has no default export. Did you mean to use 'import { prisma } from "/home/ubuntu/supermarket_pos_system/nextjs_space/lib/db"' instead?
app/api/suppliers/route.ts(13,37): error TS2339: Property 'role' does not exist on type '{ name?: string | null | undefined; email?: string | null | undefined; image?: string | null | undefined; }'.
app/api/suppliers/route.ts(34,37): error TS2339: Property 'role' does not exist on type '{ name?: string | null | undefined; email?: string | null | undefined; image?: string | null | undefined; }'.
app/api/users/[id]/route.ts(4,8): error TS2613: Module '"/home/ubuntu/supermarket_pos_system/nextjs_space/lib/db"' has no default export. Did you mean to use 'import { prisma } from "/home/ubuntu/supermarket_pos_system/nextjs_space/lib/db"' instead?
app/api/users/[id]/route.ts(14,37): error TS2339: Property 'role' does not exist on type '{ name?: string | null | undefined; email?: string | null | undefined; image?: string | null | undefined; }'.
app/api/users/[id]/route.ts(58,37): error TS2339: Property 'role' does not exist on type '{ name?: string | null | undefined; email?: string | null | undefined; image?: string | null | undefined; }'.
app/api/users/route.ts(4,8): error TS2613: Module '"/home/ubuntu/supermarket_pos_system/nextjs_space/lib/db"' has no default export. Did you mean to use 'import { prisma } from "/home/ubuntu/supermarket_pos_system/nextjs_space/lib/db"' instead?
app/api/users/route.ts(14,37): error TS2339: Property 'role' does not exist on type '{ name?: string | null | undefined; email?: string | null | undefined; image?: string | null | undefined; }'.
app/api/users/route.ts(44,37): error TS2339: Property 'role' does not exist on type '{ name?: string | null | undefined; email?: string | null | undefined; image?: string | null | undefined; }'.
app/inventory/page.tsx(16,10): error TS2305: Module '"@/lib/contexts/store-context"' has no exported member 'useStoreContext'.
app/inventory/page.tsx(73,36): error TS2339: Property 'role' does not exist on type '{ name?: string | null | undefined; email?: string | null | undefined; image?: string | null | undefined; }'.
app/inventory/page.tsx(73,71): error TS2339: Property 'role' does not exist on type '{ name?: string | null | undefined; email?: string | null | undefined; image?: string | null | undefined; }'.
app/inventory/page.tsx(74,38): error TS2339: Property 'role' does not exist on type '{ name?: string | null | undefined; email?: string | null | undefined; image?: string | null | undefined; }'.
app/inventory/page.tsx(74,73): error TS2339: Property 'role' does not exist on type '{ name?: string | null | undefined; email?: string | null | undefined; image?: string | null | undefined; }'.
app/suppliers/page.tsx(44,36): error TS2339: Property 'role' does not exist on type '{ name?: string | null | undefined; email?: string | null | undefined; image?: string | null | undefined; }'.
app/suppliers/page.tsx(44,71): error TS2339: Property 'role' does not exist on type '{ name?: string | null | undefined; email?: string | null | undefined; image?: string | null | undefined; }'.
app/users/page.tsx(47,36): error TS2339: Property 'role' does not exist on type '{ name?: string | null | undefined; email?: string | null | undefined; image?: string | null | undefined; }'.
app/users/page.tsx(47,71): error TS2339: Property 'role' does not exist on type '{ name?: string | null | undefined; email?: string | null | undefined; image?: string | null | undefined; }'.
exit_code=2
